mode: atomic
github.com/eggybyte-technology/go-eggybyte-core/log/context.go:34.70,36.2 1 22
github.com/eggybyte-technology/go-eggybyte-core/log/context.go:53.46,54.53 1 20
github.com/eggybyte-technology/go-eggybyte-core/log/context.go:54.53,56.3 1 19
github.com/eggybyte-technology/go-eggybyte-core/log/context.go:57.2,57.18 1 1
github.com/eggybyte-technology/go-eggybyte-core/log/context.go:77.85,78.21 1 123
github.com/eggybyte-technology/go-eggybyte-core/log/context.go:78.21,80.3 1 114
github.com/eggybyte-technology/go-eggybyte-core/log/context.go:81.2,81.67 1 123
github.com/eggybyte-technology/go-eggybyte-core/log/context.go:99.47,100.59 1 7
github.com/eggybyte-technology/go-eggybyte-core/log/context.go:100.59,102.3 1 6
github.com/eggybyte-technology/go-eggybyte-core/log/context.go:103.2,103.11 1 1
github.com/eggybyte-technology/go-eggybyte-core/log/context.go:126.109,141.2 7 19
github.com/eggybyte-technology/go-eggybyte-core/log/context.go:145.69,147.2 1 1
github.com/eggybyte-technology/go-eggybyte-core/log/context.go:151.68,153.2 1 11
github.com/eggybyte-technology/go-eggybyte-core/log/context.go:157.68,159.2 1 1
github.com/eggybyte-technology/go-eggybyte-core/log/context.go:163.69,165.2 1 1
github.com/eggybyte-technology/go-eggybyte-core/log/context.go:169.69,171.2 1 0
github.com/eggybyte-technology/go-eggybyte-core/log/log.go:92.39,95.16 2 21
github.com/eggybyte-technology/go-eggybyte-core/log/log.go:95.16,97.3 1 1
github.com/eggybyte-technology/go-eggybyte-core/log/log.go:100.2,101.16 2 20
github.com/eggybyte-technology/go-eggybyte-core/log/log.go:102.14,106.50 4 18
github.com/eggybyte-technology/go-eggybyte-core/log/log.go:107.17,110.53 3 1
github.com/eggybyte-technology/go-eggybyte-core/log/log.go:111.10,112.84 1 1
github.com/eggybyte-technology/go-eggybyte-core/log/log.go:116.2,120.12 4 19
github.com/eggybyte-technology/go-eggybyte-core/log/log.go:133.23,134.25 1 31
github.com/eggybyte-technology/go-eggybyte-core/log/log.go:134.25,137.3 1 3
github.com/eggybyte-technology/go-eggybyte-core/log/log.go:138.2,138.21 1 28
github.com/eggybyte-technology/go-eggybyte-core/log/log.go:146.32,148.2 1 24
github.com/eggybyte-technology/go-eggybyte-core/log/log.go:152.41,154.2 1 1
github.com/eggybyte-technology/go-eggybyte-core/log/log.go:158.40,160.2 1 1
github.com/eggybyte-technology/go-eggybyte-core/log/log.go:164.40,166.2 1 1
github.com/eggybyte-technology/go-eggybyte-core/log/log.go:170.41,172.2 1 1
github.com/eggybyte-technology/go-eggybyte-core/log/log.go:176.41,178.2 1 0
github.com/eggybyte-technology/go-eggybyte-core/log/log.go:182.56,184.2 1 4
github.com/eggybyte-technology/go-eggybyte-core/log/log.go:186.55,188.2 1 17
github.com/eggybyte-technology/go-eggybyte-core/log/log.go:190.55,192.2 1 4
github.com/eggybyte-technology/go-eggybyte-core/log/log.go:194.56,196.2 1 3
github.com/eggybyte-technology/go-eggybyte-core/log/log.go:198.56,200.2 1 0
github.com/eggybyte-technology/go-eggybyte-core/log/log.go:202.50,206.2 1 21
github.com/eggybyte-technology/go-eggybyte-core/log/log.go:208.34,210.2 1 1
github.com/eggybyte-technology/go-eggybyte-core/log/log.go:215.63,217.27 2 50
github.com/eggybyte-technology/go-eggybyte-core/log/log.go:217.27,219.3 1 45
github.com/eggybyte-technology/go-eggybyte-core/log/log.go:220.2,220.18 1 50
github.com/eggybyte-technology/go-eggybyte-core/service/launcher.go:48.30,55.2 1 22
github.com/eggybyte-technology/go-eggybyte-core/service/launcher.go:66.57,68.2 1 9
github.com/eggybyte-technology/go-eggybyte-core/service/launcher.go:79.48,81.2 1 12
github.com/eggybyte-technology/go-eggybyte-core/service/launcher.go:88.49,90.2 1 0
github.com/eggybyte-technology/go-eggybyte-core/service/launcher.go:99.62,101.2 1 2
github.com/eggybyte-technology/go-eggybyte-core/service/launcher.go:118.52,122.38 2 9
github.com/eggybyte-technology/go-eggybyte-core/service/launcher.go:122.38,127.40 2 10
github.com/eggybyte-technology/go-eggybyte-core/service/launcher.go:127.40,129.4 1 2
github.com/eggybyte-technology/go-eggybyte-core/service/launcher.go:132.2,133.12 2 7
github.com/eggybyte-technology/go-eggybyte-core/service/launcher.go:160.51,162.36 1 5
github.com/eggybyte-technology/go-eggybyte-core/service/launcher.go:162.36,164.3 1 1
github.com/eggybyte-technology/go-eggybyte-core/service/launcher.go:167.2,171.45 3 4
github.com/eggybyte-technology/go-eggybyte-core/service/launcher.go:171.45,173.3 1 0
github.com/eggybyte-technology/go-eggybyte-core/service/launcher.go:175.2,175.12 1 4
github.com/eggybyte-technology/go-eggybyte-core/service/launcher.go:180.61,187.33 3 7
github.com/eggybyte-technology/go-eggybyte-core/service/launcher.go:187.33,192.21 3 7
github.com/eggybyte-technology/go-eggybyte-core/service/launcher.go:192.21,197.45 2 7
github.com/eggybyte-technology/go-eggybyte-core/service/launcher.go:197.45,199.5 1 1
github.com/eggybyte-technology/go-eggybyte-core/service/launcher.go:200.4,200.14 1 6
github.com/eggybyte-technology/go-eggybyte-core/service/launcher.go:205.2,205.33 1 7
github.com/eggybyte-technology/go-eggybyte-core/service/launcher.go:205.33,207.23 1 1
github.com/eggybyte-technology/go-eggybyte-core/service/launcher.go:207.23,210.4 2 1
github.com/eggybyte-technology/go-eggybyte-core/service/launcher.go:212.3,213.22 2 0
github.com/eggybyte-technology/go-eggybyte-core/service/launcher.go:216.2,216.12 1 6
github.com/eggybyte-technology/go-eggybyte-core/service/launcher.go:221.37,230.44 4 5
github.com/eggybyte-technology/go-eggybyte-core/service/launcher.go:230.44,236.39 3 10
github.com/eggybyte-technology/go-eggybyte-core/service/launcher.go:236.39,241.4 1 1
github.com/eggybyte-technology/go-eggybyte-core/service/launcher.go:244.2,245.12 2 5
github.com/eggybyte-technology/go-eggybyte-core/db/db.go:64.30,72.2 1 11
github.com/eggybyte-technology/go-eggybyte-core/db/db.go:97.45,104.29 2 0
github.com/eggybyte-technology/go-eggybyte-core/db/db.go:104.29,106.4 1 0
github.com/eggybyte-technology/go-eggybyte-core/db/db.go:110.2,111.16 2 0
github.com/eggybyte-technology/go-eggybyte-core/db/db.go:111.16,113.3 1 0
github.com/eggybyte-technology/go-eggybyte-core/db/db.go:116.2,117.16 2 0
github.com/eggybyte-technology/go-eggybyte-core/db/db.go:117.16,119.3 1 0
github.com/eggybyte-technology/go-eggybyte-core/db/db.go:122.2,128.37 5 0
github.com/eggybyte-technology/go-eggybyte-core/db/db.go:128.37,130.3 1 0
github.com/eggybyte-technology/go-eggybyte-core/db/db.go:133.2,139.16 3 0
github.com/eggybyte-technology/go-eggybyte-core/db/db.go:157.23,161.2 3 13
github.com/eggybyte-technology/go-eggybyte-core/db/db.go:170.25,174.2 3 14
github.com/eggybyte-technology/go-eggybyte-core/db/db.go:185.20,187.15 2 1
github.com/eggybyte-technology/go-eggybyte-core/db/db.go:187.15,189.3 1 1
github.com/eggybyte-technology/go-eggybyte-core/db/db.go:191.2,192.16 2 0
github.com/eggybyte-technology/go-eggybyte-core/db/db.go:192.16,194.3 1 0
github.com/eggybyte-technology/go-eggybyte-core/db/db.go:196.2,196.38 1 0
github.com/eggybyte-technology/go-eggybyte-core/db/db.go:196.38,198.3 1 0
github.com/eggybyte-technology/go-eggybyte-core/db/db.go:200.2,201.12 2 0
github.com/eggybyte-technology/go-eggybyte-core/db/db.go:205.50,206.15 1 0
github.com/eggybyte-technology/go-eggybyte-core/db/db.go:207.16,208.23 1 0
github.com/eggybyte-technology/go-eggybyte-core/db/db.go:209.15,210.22 1 0
github.com/eggybyte-technology/go-eggybyte-core/db/db.go:211.14,212.21 1 0
github.com/eggybyte-technology/go-eggybyte-core/db/db.go:213.14,214.21 1 0
github.com/eggybyte-technology/go-eggybyte-core/db/db.go:215.10,216.21 1 0
github.com/eggybyte-technology/go-eggybyte-core/db/registry.go:100.42,108.2 4 39
github.com/eggybyte-technology/go-eggybyte-core/db/registry.go:117.47,125.2 5 38
github.com/eggybyte-technology/go-eggybyte-core/db/registry.go:152.66,158.29 3 6
github.com/eggybyte-technology/go-eggybyte-core/db/registry.go:158.29,163.49 2 10
github.com/eggybyte-technology/go-eggybyte-core/db/registry.go:163.49,165.4 1 2
github.com/eggybyte-technology/go-eggybyte-core/db/registry.go:167.3,168.53 1 8
github.com/eggybyte-technology/go-eggybyte-core/db/registry.go:171.2,172.12 2 4
github.com/eggybyte-technology/go-eggybyte-core/db/registry.go:180.22,184.2 3 24
github.com/eggybyte-technology/go-eggybyte-core/db/tidb.go:48.55,52.2 1 28
github.com/eggybyte-technology/go-eggybyte-core/db/tidb.go:79.59,83.21 2 4
github.com/eggybyte-technology/go-eggybyte-core/db/tidb.go:83.21,85.3 1 2
github.com/eggybyte-technology/go-eggybyte-core/db/tidb.go:87.2,87.24 1 2
github.com/eggybyte-technology/go-eggybyte-core/db/tidb.go:87.24,89.3 1 2
github.com/eggybyte-technology/go-eggybyte-core/db/tidb.go:92.2,93.16 2 0
github.com/eggybyte-technology/go-eggybyte-core/db/tidb.go:93.16,95.3 1 0
github.com/eggybyte-technology/go-eggybyte-core/db/tidb.go:97.2,100.53 2 0
github.com/eggybyte-technology/go-eggybyte-core/db/tidb.go:100.53,102.3 1 0
github.com/eggybyte-technology/go-eggybyte-core/db/tidb.go:104.2,105.12 2 0
github.com/eggybyte-technology/go-eggybyte-core/core/bootstrap.go:54.79,56.47 1 2
github.com/eggybyte-technology/go-eggybyte-core/core/bootstrap.go:56.47,58.3 1 2
github.com/eggybyte-technology/go-eggybyte-core/core/bootstrap.go:60.2,72.60 5 0
github.com/eggybyte-technology/go-eggybyte-core/core/bootstrap.go:72.60,74.3 1 0
github.com/eggybyte-technology/go-eggybyte-core/core/bootstrap.go:77.2,80.39 2 0
github.com/eggybyte-technology/go-eggybyte-core/core/bootstrap.go:80.39,82.3 1 0
github.com/eggybyte-technology/go-eggybyte-core/core/bootstrap.go:85.2,88.59 2 0
github.com/eggybyte-technology/go-eggybyte-core/core/bootstrap.go:88.59,90.3 1 0
github.com/eggybyte-technology/go-eggybyte-core/core/bootstrap.go:92.2,93.12 2 0
github.com/eggybyte-technology/go-eggybyte-core/core/bootstrap.go:98.50,99.62 1 15
github.com/eggybyte-technology/go-eggybyte-core/core/bootstrap.go:99.62,101.3 1 3
github.com/eggybyte-technology/go-eggybyte-core/core/bootstrap.go:102.2,102.12 1 12
github.com/eggybyte-technology/go-eggybyte-core/core/bootstrap.go:107.81,109.27 1 5
github.com/eggybyte-technology/go-eggybyte-core/core/bootstrap.go:109.27,123.3 4 3
github.com/eggybyte-technology/go-eggybyte-core/core/bootstrap.go:123.8,125.3 1 2
github.com/eggybyte-technology/go-eggybyte-core/core/bootstrap.go:127.2,127.12 1 5
github.com/eggybyte-technology/go-eggybyte-core/core/bootstrap.go:132.76,142.2 6 6
github.com/eggybyte-technology/go-eggybyte-core/config/config.go:89.20,93.2 3 13
github.com/eggybyte-technology/go-eggybyte-core/config/config.go:105.23,109.2 3 19
github.com/eggybyte-technology/go-eggybyte-core/config/config.go:122.40,126.25 3 2
github.com/eggybyte-technology/go-eggybyte-core/config/config.go:126.25,128.3 1 1
github.com/eggybyte-technology/go-eggybyte-core/config/env.go:35.41,36.51 1 6
github.com/eggybyte-technology/go-eggybyte-core/config/env.go:36.51,38.3 1 2
github.com/eggybyte-technology/go-eggybyte-core/config/env.go:39.2,39.12 1 4
github.com/eggybyte-technology/go-eggybyte-core/config/env.go:58.39,59.41 1 2
github.com/eggybyte-technology/go-eggybyte-core/config/env.go:59.41,60.59 1 1
github.com/eggybyte-technology/go-eggybyte-core/config/env.go:79.40,80.27 1 17
github.com/eggybyte-technology/go-eggybyte-core/config/env.go:80.27,82.3 1 1
github.com/eggybyte-technology/go-eggybyte-core/config/env.go:84.2,84.38 1 16
github.com/eggybyte-technology/go-eggybyte-core/config/env.go:84.38,86.3 1 4
github.com/eggybyte-technology/go-eggybyte-core/config/env.go:88.2,88.52 1 12
github.com/eggybyte-technology/go-eggybyte-core/config/env.go:88.52,90.3 1 1
github.com/eggybyte-technology/go-eggybyte-core/config/env.go:92.2,92.33 1 11
github.com/eggybyte-technology/go-eggybyte-core/config/env.go:92.33,94.3 1 1
github.com/eggybyte-technology/go-eggybyte-core/config/env.go:96.2,103.35 2 10
github.com/eggybyte-technology/go-eggybyte-core/config/env.go:103.35,105.3 1 1
github.com/eggybyte-technology/go-eggybyte-core/config/env.go:107.2,107.30 1 9
github.com/eggybyte-technology/go-eggybyte-core/config/env.go:107.30,108.29 1 3
github.com/eggybyte-technology/go-eggybyte-core/config/env.go:108.29,110.4 1 1
github.com/eggybyte-technology/go-eggybyte-core/config/env.go:111.3,111.33 1 2
github.com/eggybyte-technology/go-eggybyte-core/config/env.go:111.33,113.4 1 1
github.com/eggybyte-technology/go-eggybyte-core/config/env.go:116.2,116.12 1 7
github.com/eggybyte-technology/go-eggybyte-core/config/k8s_watcher.go:65.122,68.16 2 0
github.com/eggybyte-technology/go-eggybyte-core/config/k8s_watcher.go:68.16,70.3 1 0
github.com/eggybyte-technology/go-eggybyte-core/config/k8s_watcher.go:73.2,74.16 2 0
github.com/eggybyte-technology/go-eggybyte-core/config/k8s_watcher.go:74.16,76.3 1 0
github.com/eggybyte-technology/go-eggybyte-core/config/k8s_watcher.go:78.2,84.8 1 0
github.com/eggybyte-technology/go-eggybyte-core/config/k8s_watcher.go:110.42,111.19 1 0
github.com/eggybyte-technology/go-eggybyte-core/config/k8s_watcher.go:111.19,113.3 1 0
github.com/eggybyte-technology/go-eggybyte-core/config/k8s_watcher.go:116.2,130.17 3 0
github.com/eggybyte-technology/go-eggybyte-core/config/k8s_watcher.go:130.17,132.3 1 0
github.com/eggybyte-technology/go-eggybyte-core/config/k8s_watcher.go:134.2,143.63 5 0
github.com/eggybyte-technology/go-eggybyte-core/config/k8s_watcher.go:143.63,145.3 1 0
github.com/eggybyte-technology/go-eggybyte-core/config/k8s_watcher.go:148.2,149.12 2 0
github.com/eggybyte-technology/go-eggybyte-core/config/k8s_watcher.go:157.35,158.21 1 0
github.com/eggybyte-technology/go-eggybyte-core/config/k8s_watcher.go:158.21,160.3 1 0
github.com/eggybyte-technology/go-eggybyte-core/config/k8s_watcher.go:165.55,167.2 1 0
github.com/eggybyte-technology/go-eggybyte-core/config/k8s_watcher.go:171.69,173.2 1 0
github.com/eggybyte-technology/go-eggybyte-core/config/k8s_watcher.go:177.59,180.2 0 0
github.com/eggybyte-technology/go-eggybyte-core/config/k8s_watcher.go:184.63,197.2 0 0
github.com/eggybyte-technology/go-eggybyte-core/cmd/ebcctl/main.go:25.13,26.43 1 0
github.com/eggybyte-technology/go-eggybyte-core/cmd/ebcctl/main.go:26.43,28.3 1 0
github.com/eggybyte-technology/go-eggybyte-core/cmd/ebcctl/commands/init.go:43.13,48.2 2 0
github.com/eggybyte-technology/go-eggybyte-core/cmd/ebcctl/commands/init.go:51.55,55.57 2 0
github.com/eggybyte-technology/go-eggybyte-core/cmd/ebcctl/commands/init.go:55.57,57.3 1 0
github.com/eggybyte-technology/go-eggybyte-core/cmd/ebcctl/commands/init.go:60.2,60.22 1 0
github.com/eggybyte-technology/go-eggybyte-core/cmd/ebcctl/commands/init.go:60.22,62.3 1 0
github.com/eggybyte-technology/go-eggybyte-core/cmd/ebcctl/commands/init.go:64.2,69.60 4 0
github.com/eggybyte-technology/go-eggybyte-core/cmd/ebcctl/commands/init.go:69.60,71.3 1 0
github.com/eggybyte-technology/go-eggybyte-core/cmd/ebcctl/commands/init.go:74.2,74.58 1 0
github.com/eggybyte-technology/go-eggybyte-core/cmd/ebcctl/commands/init.go:74.58,76.3 1 0
github.com/eggybyte-technology/go-eggybyte-core/cmd/ebcctl/commands/init.go:79.2,79.50 1 0
github.com/eggybyte-technology/go-eggybyte-core/cmd/ebcctl/commands/init.go:79.50,82.3 2 0
github.com/eggybyte-technology/go-eggybyte-core/cmd/ebcctl/commands/init.go:85.2,87.12 2 0
github.com/eggybyte-technology/go-eggybyte-core/cmd/ebcctl/commands/init.go:91.45,92.16 1 0
github.com/eggybyte-technology/go-eggybyte-core/cmd/ebcctl/commands/init.go:92.16,94.3 1 0
github.com/eggybyte-technology/go-eggybyte-core/cmd/ebcctl/commands/init.go:97.2,97.28 1 0
github.com/eggybyte-technology/go-eggybyte-core/cmd/ebcctl/commands/init.go:97.28,100.17 1 0
github.com/eggybyte-technology/go-eggybyte-core/cmd/ebcctl/commands/init.go:100.17,102.4 1 0
github.com/eggybyte-technology/go-eggybyte-core/cmd/ebcctl/commands/init.go:106.2,106.50 1 0
github.com/eggybyte-technology/go-eggybyte-core/cmd/ebcctl/commands/init.go:106.50,108.3 1 0
github.com/eggybyte-technology/go-eggybyte-core/cmd/ebcctl/commands/init.go:110.2,110.12 1 0
github.com/eggybyte-technology/go-eggybyte-core/cmd/ebcctl/commands/init.go:114.55,125.27 3 0
github.com/eggybyte-technology/go-eggybyte-core/cmd/ebcctl/commands/init.go:125.27,127.48 2 0
github.com/eggybyte-technology/go-eggybyte-core/cmd/ebcctl/commands/init.go:127.48,129.4 1 0
github.com/eggybyte-technology/go-eggybyte-core/cmd/ebcctl/commands/init.go:132.2,133.12 2 0
github.com/eggybyte-technology/go-eggybyte-core/cmd/ebcctl/commands/init.go:137.53,147.53 2 0
github.com/eggybyte-technology/go-eggybyte-core/cmd/ebcctl/commands/init.go:147.53,147.66 1 0
github.com/eggybyte-technology/go-eggybyte-core/cmd/ebcctl/commands/init.go:150.2,150.41 1 0
github.com/eggybyte-technology/go-eggybyte-core/cmd/ebcctl/commands/init.go:150.41,155.67 4 0
github.com/eggybyte-technology/go-eggybyte-core/cmd/ebcctl/commands/init.go:155.67,157.4 1 0
github.com/eggybyte-technology/go-eggybyte-core/cmd/ebcctl/commands/init.go:160.2,161.12 2 0
github.com/eggybyte-technology/go-eggybyte-core/cmd/ebcctl/commands/init.go:165.45,174.2 6 0
github.com/eggybyte-technology/go-eggybyte-core/cmd/ebcctl/commands/init.go:177.46,186.2 8 0
github.com/eggybyte-technology/go-eggybyte-core/cmd/ebcctl/commands/init.go:190.47,199.2 1 0
github.com/eggybyte-technology/go-eggybyte-core/cmd/ebcctl/commands/init.go:201.48,221.2 1 0
github.com/eggybyte-technology/go-eggybyte-core/cmd/ebcctl/commands/init.go:223.48,280.2 2 0
github.com/eggybyte-technology/go-eggybyte-core/cmd/ebcctl/commands/init.go:282.52,294.2 1 0
github.com/eggybyte-technology/go-eggybyte-core/cmd/ebcctl/commands/init.go:296.48,312.2 1 0
github.com/eggybyte-technology/go-eggybyte-core/cmd/ebcctl/commands/init.go:314.51,345.2 1 0
github.com/eggybyte-technology/go-eggybyte-core/cmd/ebcctl/commands/new.go:48.13,50.2 1 0
github.com/eggybyte-technology/go-eggybyte-core/cmd/ebcctl/commands/new.go:53.58,57.44 2 0
github.com/eggybyte-technology/go-eggybyte-core/cmd/ebcctl/commands/new.go:57.44,59.3 1 0
github.com/eggybyte-technology/go-eggybyte-core/cmd/ebcctl/commands/new.go:62.2,75.70 10 0
github.com/eggybyte-technology/go-eggybyte-core/cmd/ebcctl/commands/new.go:75.70,77.3 1 0
github.com/eggybyte-technology/go-eggybyte-core/cmd/ebcctl/commands/new.go:79.2,87.12 8 0
github.com/eggybyte-technology/go-eggybyte-core/cmd/ebcctl/commands/new.go:91.32,92.53 1 0
github.com/eggybyte-technology/go-eggybyte-core/cmd/ebcctl/commands/new.go:92.53,94.3 1 0
github.com/eggybyte-technology/go-eggybyte-core/cmd/ebcctl/commands/new.go:96.2,96.55 1 0
github.com/eggybyte-technology/go-eggybyte-core/cmd/ebcctl/commands/new.go:96.55,98.3 1 0
github.com/eggybyte-technology/go-eggybyte-core/cmd/ebcctl/commands/new.go:100.2,100.12 1 0
github.com/eggybyte-technology/go-eggybyte-core/cmd/ebcctl/commands/new.go:104.39,106.54 1 0
github.com/eggybyte-technology/go-eggybyte-core/cmd/ebcctl/commands/new.go:106.54,108.3 1 0
github.com/eggybyte-technology/go-eggybyte-core/cmd/ebcctl/commands/new.go:110.2,110.29 1 0
github.com/eggybyte-technology/go-eggybyte-core/cmd/ebcctl/commands/new.go:110.29,111.20 1 0
github.com/eggybyte-technology/go-eggybyte-core/cmd/ebcctl/commands/new.go:111.20,113.4 1 0
github.com/eggybyte-technology/go-eggybyte-core/cmd/ebcctl/commands/new.go:116.2,116.32 1 0
github.com/eggybyte-technology/go-eggybyte-core/cmd/ebcctl/commands/new.go:120.38,123.25 2 0
github.com/eggybyte-technology/go-eggybyte-core/cmd/ebcctl/commands/new.go:123.25,124.34 1 0
github.com/eggybyte-technology/go-eggybyte-core/cmd/ebcctl/commands/new.go:124.34,126.4 1 0
github.com/eggybyte-technology/go-eggybyte-core/cmd/ebcctl/commands/new.go:127.3,127.39 1 0
github.com/eggybyte-technology/go-eggybyte-core/cmd/ebcctl/commands/new.go:130.2,133.40 2 0
github.com/eggybyte-technology/go-eggybyte-core/cmd/ebcctl/commands/new.go:133.40,135.3 1 0
github.com/eggybyte-technology/go-eggybyte-core/cmd/ebcctl/commands/new.go:137.2,137.18 1 0
github.com/eggybyte-technology/go-eggybyte-core/cmd/ebcctl/commands/new.go:141.77,316.2 1 0
github.com/eggybyte-technology/go-eggybyte-core/cmd/ebcctl/commands/root.go:42.22,44.2 1 0
github.com/eggybyte-technology/go-eggybyte-core/cmd/ebcctl/commands/root.go:47.13,55.2 3 0
github.com/eggybyte-technology/go-eggybyte-core/cmd/ebcctl/commands/root.go:59.50,61.2 1 0
github.com/eggybyte-technology/go-eggybyte-core/cmd/ebcctl/commands/root.go:65.51,67.2 1 0
github.com/eggybyte-technology/go-eggybyte-core/cmd/ebcctl/commands/root.go:70.51,71.13 1 0
github.com/eggybyte-technology/go-eggybyte-core/cmd/ebcctl/commands/root.go:71.13,73.3 1 0
github.com/eggybyte-technology/go-eggybyte-core/cmd/ebcctl/commands/root.go:77.53,79.2 1 0
github.com/eggybyte-technology/go-eggybyte-core/metrics/service.go:44.50,49.2 1 15
github.com/eggybyte-technology/go-eggybyte-core/metrics/service.go:68.59,91.12 7 0
github.com/eggybyte-technology/go-eggybyte-core/metrics/service.go:91.12,92.82 1 0
github.com/eggybyte-technology/go-eggybyte-core/metricsgithub.com/eggybyte-technology/go-eggybyte-core/service/launcher.go:48.30,55.2 1 1
github.com/eggybyte-technology/go-eggybyte-core/service/launcher.go:66.57,68.2 1 1
github.com/eggybyte-technology/go-eggybyte-core/service/launcher.go:79.48,81.2 1 1
github.com/eggybyte-technology/go-eggybyte-core/service/launcher.go:88.49,90.2 1 0
github.com/eggybyte-technology/go-eggybyte-core/service/launcher.go:99.62,101.2 1 1
github.com/eggybyte-technology/go-eggybyte-core/service/launcher.go:118.52,122.38 2 1
github.com/eggybyte-technology/go-eggybyte-core/service/launcher.go:122.38,127.40 2 1
github.com/eggybyte-technology/go-eggybyte-core/service/launcher.go:127.40,129.4 1 1
github.com/eggybyte-techngithub.com/eggybyte-technology/go-eggybyte-core/health/service.go:49.48,55.2 1 16
github.com/eggybyte-technology/go-eggybyte-core/health/service.go:61.59,65.2 3 36
github.com/eggybyte-technology/go-eggybyte-core/health/service.go:74.58,89.12 8 0
github.com/eggybyte-technology/go-eggybyte-core/health/service.go:89.12,90.82 1 0
github.com/eggybyte-technology/go-eggybyte-core/health/service.go:90.82,92.4 1 0
github.com/eggybyte-technology/go-eggybyte-core/health/service.go:95.2,95.9 1 0
github.com/eggybyte-technology/go-eggybyte-core/health/service.go:96.22,97.53 1 0
github.com/eggybyte-technology/go-eggybyte-core/health/service.go:98.20,99.38 1 0
github.com/eggybyte-technology/go-eggybyte-core/health/service.go:110.57,111.21 1 3
github.com/eggybyte-technology/go-eggybyte-core/health/service.go:111.21,113.3 1 3
github.com/eggybyte-technology/go-eggybyte-core/health/service.go:115.2,116.31 2 0
github.com/eggybyte-technology/go-eggybyte-core/health/service.go:121.77,124.2 2 3
github.com/eggybyte-technology/go-eggybyte-core/health/service.go:128.78,139.35 8 9
github.com/eggybyte-technology/go-eggybyte-core/health/service.go:139.35,140.44 1 11
github.com/eggybyte-technology/go-eggybyte-core/health/service.go:140.44,143.4 2 4
github.com/eggybyte-technology/go-eggybyte-core/health/service.go:143.9,145.4 1 7
github.com/eggybyte-technology/go-eggybyte-core/health/service.go:148.2,148.13 1 9
github.com/eggybyte-technology/go-eggybyte-core/health/service.go:148.13,150.3 1 6
github.com/eggybyte-technology/go-eggybyte-core/health/service.go:150.8,152.3 1 3
github.com/eggybyte-technology/go-eggybyte-core/health/service.go:154.2,157.4 1 9
github.com/eggybyte-technology/go-eggybyte-core/health/service.go:161.79,163.2 1 2
